<?xml version="1.0" encoding="UTF-8"?>
<!-- Generated by org.testng.reporters.JUnitReportReporter -->
<testsuite hostname="Afsarasee" failures="0" tests="1" name="adactin.booking.AdactinLaunchBooking" time="15.112" errors="0" timestamp="2022-11-22T18:19:39 IST" skipped="0">
  <testcase classname="adactin.booking.AdactinLaunchBooking" name="TC001" time="15.112"/>
  <system-out/>
</testsuite> <!-- adactin.booking.AdactinLaunchBooking -->
